Arguments: 
  /home/user3/.nvm/versions/node/v9.10.1/bin/node /usr/share/yarn/bin/yarn.js add

PATH: 
  /home/user3/.nvm/versions/node/v9.10.1/bin:/usr/local/sbin:/usr/local/bin:/usr/sbin:/usr/bin:/sbin:/bin:/snap/bin

Yarn version: 
  1.5.1

Node version: 
  9.10.1

Platform: 
  linux x64

npm manifest: 
  {
    "name": "nodetutorial1",
    "version": "1.0.0",
    "main": "index.js",
    "scripts": {
      "test": "echo \"Error: no test specified\" && exit 1"
    },
    "author": "",
    "license": "ISC",
    "dependencies": {
      "body-parser": "^1.18.3",
      "express": "^4.16.3",
      "http": "0.0.0"
    },
    "devDependencies": {
      "nodemon": "^1.17.5"
    },
    "description": ""
  }

yarn manifest: 
  No manifest

Lockfile: 
  No lockfile

Trace: 
  Error: Missing list of packages to add to your project.
      at new MessageError (/usr/share/yarn/lib/cli.js:186:110)
      at Object.<anonymous> (/usr/share/yarn/lib/cli.js:40587:13)
      at Generator.next (<anonymous>)
      at step (/usr/share/yarn/lib/cli.js:98:30)
      at /usr/share/yarn/lib/cli.js:116:14
      at new Promise (<anonymous>)
      at new F (/usr/share/yarn/lib/cli.js:23451:28)
      at Object.<anonymous> (/usr/share/yarn/lib/cli.js:95:12)
      at Object.run (/usr/share/yarn/lib/cli.js:40599:19)
      at run (/usr/share/yarn/lib/cli.js:89113:20)
